The target system is: QNX - 6.4.1 - 
The host system is: Linux - 2.6.27-gentoo-r8-workstation - i686
Compiling the C compiler identification source file "CMakeCCompilerId.c" succeeded.
Compiler: /opt/qnx650/host/linux/x86/usr/bin/qcc 
Build flags: 
Id flags: 

The output was:
0


Compilation of the C compiler identification source "CMakeCCompilerId.c" produced "a.out"

The C compiler identification is GNU, found in "/home/rtulwin/workspace/mrrocpp/CMakeFiles/CompilerIdC/a.out"

Compiling the CXX compiler identification source file "CMakeCXXCompilerId.cpp" succeeded.
Compiler: /opt/qnx650/host/linux/x86/usr/bin/QCC 
Build flags: 
Id flags: 

The output was:
0
CMakeCXXCompilerId.cpp:76: warning: deprecated conversion from string constant to 'char*'
CMakeCXXCompilerId.cpp:189: warning: deprecated conversion from string constant to 'char*'
CMakeCXXCompilerId.cpp:190: warning: deprecated conversion from string constant to 'char*'


Compilation of the CXX compiler identification source "CMakeCXXCompilerId.cpp" produced "a.out"

The CXX compiler identification is GNU, found in "/home/rtulwin/workspace/mrrocpp/CMakeFiles/CompilerIdCXX/a.out"

Determining if the C compiler works passed with the following output:
Change Dir: /home/rtulwin/workspace/mrrocpp/CMakeFiles/CMakeTmp

Run Build Command:/usr/bin/gmake "cmTryCompileExec/fast"
/usr/bin/gmake -f CMakeFiles/cmTryCompileExec.dir/build.make CMakeFiles/cmTryCompileExec.dir/build
gmake: Warning: File `Makefile' has modification time 2.1 s in the future
gmake[1]: Entering directory `/home/rtulwin/workspace/mrrocpp/CMakeFiles/CMakeTmp'
gmake[1]: Warning: File `CMakeFiles/cmTryCompileExec.dir/flags.make' has modification time 2.1 s in the future
/usr/bin/cmake -E cmake_progress_report /home/rtulwin/workspace/mrrocpp/CMakeFiles/CMakeTmp/CMakeFiles 1
Building C object CMakeFiles/cmTryCompileExec.dir/testCCompiler.c.o
/opt/qnx650/host/linux/x86/usr/bin/qcc    -o CMakeFiles/cmTryCompileExec.dir/testCCompiler.c.o   -c /home/rtulwin/workspace/mrrocpp/CMakeFiles/CMakeTmp/testCCompiler.c
Linking C executable cmTryCompileExec
/usr/bin/cmake -E cmake_link_script CMakeFiles/cmTryCompileExec.dir/link.txt --verbose=1
/opt/qnx650/host/linux/x86/usr/bin/qcc        CMakeFiles/cmTryCompileExec.dir/testCCompiler.c.o  -o cmTryCompileExec  
gmake[1]: Leaving directory `/home/rtulwin/workspace/mrrocpp/CMakeFiles/CMakeTmp'
gmake[1]: warning:  Clock skew detected.  Your build may be incomplete.
gmake: warning:  Clock skew detected.  Your build may be incomplete.


Detecting C compiler ABI info compiled with the following output:
Change Dir: /home/rtulwin/workspace/mrrocpp/CMakeFiles/CMakeTmp

Run Build Command:/usr/bin/gmake "cmTryCompileExec/fast"
/usr/bin/gmake -f CMakeFiles/cmTryCompileExec.dir/build.make CMakeFiles/cmTryCompileExec.dir/build
gmake: Warning: File `Makefile' has modification time 2.1 s in the future
gmake[1]: Entering directory `/home/rtulwin/workspace/mrrocpp/CMakeFiles/CMakeTmp'
gmake[1]: Warning: File `CMakeFiles/cmTryCompileExec.dir/flags.make' has modification time 2.1 s in the future
/usr/bin/cmake -E cmake_progress_report /home/rtulwin/workspace/mrrocpp/CMakeFiles/CMakeTmp/CMakeFiles 1
Building C object CMakeFiles/cmTryCompileExec.dir/CMakeCCompilerABI.c.o
/opt/qnx650/host/linux/x86/usr/bin/qcc    -o CMakeFiles/cmTryCompileExec.dir/CMakeCCompilerABI.c.o   -c /usr/share/cmake/Modules/CMakeCCompilerABI.c
Linking C executable cmTryCompileExec
/usr/bin/cmake -E cmake_link_script CMakeFiles/cmTryCompileExec.dir/link.txt --verbose=1
/opt/qnx650/host/linux/x86/usr/bin/qcc       -v CMakeFiles/cmTryCompileExec.dir/CMakeCCompilerABI.c.o  -o cmTryCompileExec   
cc: looking for gcc_ntox86 in /opt/qnx650/host/linux/x86/etc/qcc/gcc/4.4.2/gcc_ntox86++.conf
cc: looking for gcc_ntox86 in /opt/qnx650/host/linux/x86/etc/qcc/gcc/4.4.2/gcc_ntox86.conf
/opt/qnx650/host/linux/x86/usr/bin/ntox86-ld -b elf32-i386 -m i386nto --dynamic-linker /usr/lib/ldqnx.so.2 --sysroot=/opt/qnx650/target/qnx6/x86/ /opt/qnx650/target/qnx6/x86/lib/crt1.o /opt/qnx650/target/qnx6/x86/lib/crti.o /opt/qnx650/host/linux/x86/usr/lib/gcc/i486-pc-nto-qnx6.5.0/4.4.2/crtbegin.o CMakeFiles/cmTryCompileExec.dir/CMakeCCompilerABI.c.o -o cmTryCompileExec -rpath-link /opt/qnx650/target/qnx6/x86/lib:/opt/qnx650/target/qnx6/x86/usr/lib:/opt/qnx650/target/qnx6/x86/lib/gcc/4.4.2:/opt/qnx650/target/qnx6/x86/opt/lib -Y/opt/qnx650/target/qnx6/x86/lib:/opt/qnx650/target/qnx6/x86/usr/lib:/opt/qnx650/target/qnx6/x86/opt/lib -L/opt/qnx650/host/linux/x86/usr/lib/gcc/i486-pc-nto-qnx6.5.0/4.4.2 -L/opt/qnx650/target/qnx6/x86/lib/gcc/4.4.2 -L/opt/qnx650/target/qnx6/usr/i486-pc-nto-qnx6.5.0/lib -L/opt/qnx650/target/qnx6/x86/lib -L/opt/qnx650/target/qnx6/x86/usr/lib -L/opt/qnx650/target/qnx6/x86/opt/lib /opt/qnx650/host/linux/x86/usr/lib/gcc/i486-pc-nto-qnx6.5.0/4.4.2/libgcc.a -lc -dn -Bstatic -lc /opt/qnx650/host/linux/x86/usr/lib/gcc/i486-pc-nto-qnx6.5.0/4.4.2/libgcc.a /opt/qnx650/host/linux/x86/usr/lib/gcc/i486-pc-nto-qnx6.5.0/4.4.2/crtend.o /opt/qnx650/target/qnx6/x86/lib/crtn.o
gmake[1]: Leaving directory `/home/rtulwin/workspace/mrrocpp/CMakeFiles/CMakeTmp'
gmake[1]: warning:  Clock skew detected.  Your build may be incomplete.
gmake: warning:  Clock skew detected.  Your build may be incomplete.


Parsed C implicit link information from above output:
  link line regex: [^( *|.*[/\])(ntox86-ld|ld|collect2)[^/\]*( |$)]
  ignore line: [Change Dir: /home/rtulwin/workspace/mrrocpp/CMakeFiles/CMakeTmp]
  ignore line: []
  ignore line: [Run Build Command:/usr/bin/gmake "cmTryCompileExec/fast"]
  ignore line: [/usr/bin/gmake -f CMakeFiles/cmTryCompileExec.dir/build.make CMakeFiles/cmTryCompileExec.dir/build]
  ignore line: [gmake: Warning: File `Makefile' has modification time 2.1 s in the future]
  ignore line: [gmake[1]: Entering directory `/home/rtulwin/workspace/mrrocpp/CMakeFiles/CMakeTmp']
  ignore line: [gmake[1]: Warning: File `CMakeFiles/cmTryCompileExec.dir/flags.make' has modification time 2.1 s in the future]
  ignore line: [/usr/bin/cmake -E cmake_progress_report /home/rtulwin/workspace/mrrocpp/CMakeFiles/CMakeTmp/CMakeFiles 1]
  ignore line: [Building C object CMakeFiles/cmTryCompileExec.dir/CMakeCCompilerABI.c.o]
  ignore line: [/opt/qnx650/host/linux/x86/usr/bin/qcc    -o CMakeFiles/cmTryCompileExec.dir/CMakeCCompilerABI.c.o   -c /usr/share/cmake/Modules/CMakeCCompilerABI.c]
  ignore line: [Linking C executable cmTryCompileExec]
  ignore line: [/usr/bin/cmake -E cmake_link_script CMakeFiles/cmTryCompileExec.dir/link.txt --verbose=1]
  ignore line: [/opt/qnx650/host/linux/x86/usr/bin/qcc       -v CMakeFiles/cmTryCompileExec.dir/CMakeCCompilerABI.c.o  -o cmTryCompileExec   ]
  ignore line: [cc: looking for gcc_ntox86 in /opt/qnx650/host/linux/x86/etc/qcc/gcc/4.4.2/gcc_ntox86++.conf]
  ignore line: [cc: looking for gcc_ntox86 in /opt/qnx650/host/linux/x86/etc/qcc/gcc/4.4.2/gcc_ntox86.conf]
  link line: [/opt/qnx650/host/linux/x86/usr/bin/ntox86-ld -b elf32-i386 -m i386nto --dynamic-linker /usr/lib/ldqnx.so.2 --sysroot=/opt/qnx650/target/qnx6/x86/ /opt/qnx650/target/qnx6/x86/lib/crt1.o /opt/qnx650/target/qnx6/x86/lib/crti.o /opt/qnx650/host/linux/x86/usr/lib/gcc/i486-pc-nto-qnx6.5.0/4.4.2/crtbegin.o CMakeFiles/cmTryCompileExec.dir/CMakeCCompilerABI.c.o -o cmTryCompileExec -rpath-link /opt/qnx650/target/qnx6/x86/lib:/opt/qnx650/target/qnx6/x86/usr/lib:/opt/qnx650/target/qnx6/x86/lib/gcc/4.4.2:/opt/qnx650/target/qnx6/x86/opt/lib -Y/opt/qnx650/target/qnx6/x86/lib:/opt/qnx650/target/qnx6/x86/usr/lib:/opt/qnx650/target/qnx6/x86/opt/lib -L/opt/qnx650/host/linux/x86/usr/lib/gcc/i486-pc-nto-qnx6.5.0/4.4.2 -L/opt/qnx650/target/qnx6/x86/lib/gcc/4.4.2 -L/opt/qnx650/target/qnx6/usr/i486-pc-nto-qnx6.5.0/lib -L/opt/qnx650/target/qnx6/x86/lib -L/opt/qnx650/target/qnx6/x86/usr/lib -L/opt/qnx650/target/qnx6/x86/opt/lib /opt/qnx650/host/linux/x86/usr/lib/gcc/i486-pc-nto-qnx6.5.0/4.4.2/libgcc.a -lc -dn -Bstatic -lc /opt/qnx650/host/linux/x86/usr/lib/gcc/i486-pc-nto-qnx6.5.0/4.4.2/libgcc.a /opt/qnx650/host/linux/x86/usr/lib/gcc/i486-pc-nto-qnx6.5.0/4.4.2/crtend.o /opt/qnx650/target/qnx6/x86/lib/crtn.o]
    arg [/opt/qnx650/host/linux/x86/usr/bin/ntox86-ld] ==> ignore
    arg [-b] ==> ignore
    arg [elf32-i386] ==> ignore
    arg [-m] ==> ignore
    arg [i386nto] ==> ignore
    arg [--dynamic-linker] ==> ignore
    arg [/usr/lib/ldqnx.so.2] ==> ignore
    arg [--sysroot=/opt/qnx650/target/qnx6/x86/] ==> ignore
    arg [/opt/qnx650/target/qnx6/x86/lib/crt1.o] ==> ignore
    arg [/opt/qnx650/target/qnx6/x86/lib/crti.o] ==> ignore
    arg [/opt/qnx650/host/linux/x86/usr/lib/gcc/i486-pc-nto-qnx6.5.0/4.4.2/crtbegin.o] ==> ignore
    arg [CMakeFiles/cmTryCompileExec.dir/CMakeCCompilerABI.c.o] ==> ignore
    arg [-o] ==> ignore
    arg [cmTryCompileExec] ==> ignore
    arg [-rpath-link] ==> ignore
    arg [/opt/qnx650/target/qnx6/x86/lib:/opt/qnx650/target/qnx6/x86/usr/lib:/opt/qnx650/target/qnx6/x86/lib/gcc/4.4.2:/opt/qnx650/target/qnx6/x86/opt/lib] ==> ignore
    arg [-Y/opt/qnx650/target/qnx6/x86/lib:/opt/qnx650/target/qnx6/x86/usr/lib:/opt/qnx650/target/qnx6/x86/opt/lib] ==> dirs [/opt/qnx650/target/qnx6/x86/lib;/opt/qnx650/target/qnx6/x86/usr/lib;/opt/qnx650/target/qnx6/x86/opt/lib]
    arg [-L/opt/qnx650/host/linux/x86/usr/lib/gcc/i486-pc-nto-qnx6.5.0/4.4.2] ==> dir [/opt/qnx650/host/linux/x86/usr/lib/gcc/i486-pc-nto-qnx6.5.0/4.4.2]
    arg [-L/opt/qnx650/target/qnx6/x86/lib/gcc/4.4.2] ==> dir [/opt/qnx650/target/qnx6/x86/lib/gcc/4.4.2]
    arg [-L/opt/qnx650/target/qnx6/usr/i486-pc-nto-qnx6.5.0/lib] ==> dir [/opt/qnx650/target/qnx6/usr/i486-pc-nto-qnx6.5.0/lib]
    arg [-L/opt/qnx650/target/qnx6/x86/lib] ==> dir [/opt/qnx650/target/qnx6/x86/lib]
    arg [-L/opt/qnx650/target/qnx6/x86/usr/lib] ==> dir [/opt/qnx650/target/qnx6/x86/usr/lib]
    arg [-L/opt/qnx650/target/qnx6/x86/opt/lib] ==> dir [/opt/qnx650/target/qnx6/x86/opt/lib]
    arg [/opt/qnx650/host/linux/x86/usr/lib/gcc/i486-pc-nto-qnx6.5.0/4.4.2/libgcc.a] ==> lib [/opt/qnx650/host/linux/x86/usr/lib/gcc/i486-pc-nto-qnx6.5.0/4.4.2/libgcc.a]
    arg [-lc] ==> lib [c]
    arg [-dn] ==> ignore
    arg [-Bstatic] ==> ignore
    arg [-lc] ==> lib [c]
    arg [/opt/qnx650/host/linux/x86/usr/lib/gcc/i486-pc-nto-qnx6.5.0/4.4.2/libgcc.a] ==> lib [/opt/qnx650/host/linux/x86/usr/lib/gcc/i486-pc-nto-qnx6.5.0/4.4.2/libgcc.a]
    arg [/opt/qnx650/host/linux/x86/usr/lib/gcc/i486-pc-nto-qnx6.5.0/4.4.2/crtend.o] ==> ignore
    arg [/opt/qnx650/target/qnx6/x86/lib/crtn.o] ==> ignore
  collapse dir [/opt/qnx650/target/qnx6/x86/lib] ==> [/opt/qnx650/target/qnx6/x86/lib]
  collapse dir [/opt/qnx650/target/qnx6/x86/usr/lib] ==> [/opt/qnx650/target/qnx6/x86/usr/lib]
  collapse dir [/opt/qnx650/target/qnx6/x86/opt/lib] ==> [/opt/qnx650/target/qnx6/x86/opt/lib]
  collapse dir [/opt/qnx650/host/linux/x86/usr/lib/gcc/i486-pc-nto-qnx6.5.0/4.4.2] ==> [/opt/qnx650/host/linux/x86/usr/lib/gcc/i486-pc-nto-qnx6.5.0/4.4.2]
  collapse dir [/opt/qnx650/target/qnx6/x86/lib/gcc/4.4.2] ==> [/opt/qnx650/target/qnx6/x86/lib/gcc/4.4.2]
  collapse dir [/opt/qnx650/target/qnx6/usr/i486-pc-nto-qnx6.5.0/lib] ==> [/opt/qnx650/target/qnx6/usr/i486-pc-nto-qnx6.5.0/lib]
  collapse dir [/opt/qnx650/target/qnx6/x86/lib] ==> [/opt/qnx650/target/qnx6/x86/lib]
  collapse dir [/opt/qnx650/target/qnx6/x86/usr/lib] ==> [/opt/qnx650/target/qnx6/x86/usr/lib]
  collapse dir [/opt/qnx650/target/qnx6/x86/opt/lib] ==> [/opt/qnx650/target/qnx6/x86/opt/lib]
  implicit libs: [/opt/qnx650/host/linux/x86/usr/lib/gcc/i486-pc-nto-qnx6.5.0/4.4.2/libgcc.a;c;c;/opt/qnx650/host/linux/x86/usr/lib/gcc/i486-pc-nto-qnx6.5.0/4.4.2/libgcc.a]
  implicit dirs: [/opt/qnx650/target/qnx6/x86/lib;/opt/qnx650/target/qnx6/x86/usr/lib;/opt/qnx650/target/qnx6/x86/opt/lib;/opt/qnx650/host/linux/x86/usr/lib/gcc/i486-pc-nto-qnx6.5.0/4.4.2;/opt/qnx650/target/qnx6/x86/lib/gcc/4.4.2;/opt/qnx650/target/qnx6/usr/i486-pc-nto-qnx6.5.0/lib]


Determining if the CXX compiler works passed with the following output:
Change Dir: /home/rtulwin/workspace/mrrocpp/CMakeFiles/CMakeTmp

Run Build Command:/usr/bin/gmake "cmTryCompileExec/fast"
/usr/bin/gmake -f CMakeFiles/cmTryCompileExec.dir/build.make CMakeFiles/cmTryCompileExec.dir/build
gmake: Warning: File `Makefile' has modification time 2.1 s in the future
gmake[1]: Entering directory `/home/rtulwin/workspace/mrrocpp/CMakeFiles/CMakeTmp'
gmake[1]: Warning: File `CMakeFiles/cmTryCompileExec.dir/flags.make' has modification time 2.1 s in the future
/usr/bin/cmake -E cmake_progress_report /home/rtulwin/workspace/mrrocpp/CMakeFiles/CMakeTmp/CMakeFiles 1
Building CXX object CMakeFiles/cmTryCompileExec.dir/testCXXCompiler.cxx.o
/opt/qnx650/host/linux/x86/usr/bin/QCC  -x c++   -o CMakeFiles/cmTryCompileExec.dir/testCXXCompiler.cxx.o -c /home/rtulwin/workspace/mrrocpp/CMakeFiles/CMakeTmp/testCXXCompiler.cxx
Linking CXX executable cmTryCompileExec
/usr/bin/cmake -E cmake_link_script CMakeFiles/cmTryCompileExec.dir/link.txt --verbose=1
/opt/qnx650/host/linux/x86/usr/bin/QCC         CMakeFiles/cmTryCompileExec.dir/testCXXCompiler.cxx.o  -o cmTryCompileExec  
gmake[1]: Leaving directory `/home/rtulwin/workspace/mrrocpp/CMakeFiles/CMakeTmp'
gmake[1]: warning:  Clock skew detected.  Your build may be incomplete.
gmake: warning:  Clock skew detected.  Your build may be incomplete.


Detecting CXX compiler ABI info compiled with the following output:
Change Dir: /home/rtulwin/workspace/mrrocpp/CMakeFiles/CMakeTmp

Run Build Command:/usr/bin/gmake "cmTryCompileExec/fast"
/usr/bin/gmake -f CMakeFiles/cmTryCompileExec.dir/build.make CMakeFiles/cmTryCompileExec.dir/build
gmake: Warning: File `Makefile' has modification time 2.1 s in the future
gmake[1]: Entering directory `/home/rtulwin/workspace/mrrocpp/CMakeFiles/CMakeTmp'
gmake[1]: Warning: File `CMakeFiles/cmTryCompileExec.dir/flags.make' has modification time 2.1 s in the future
/usr/bin/cmake -E cmake_progress_report /home/rtulwin/workspace/mrrocpp/CMakeFiles/CMakeTmp/CMakeFiles 1
Building CXX object CMakeFiles/cmTryCompileExec.dir/CMakeCXXCompilerABI.cpp.o
/opt/qnx650/host/linux/x86/usr/bin/QCC  -x c++   -o CMakeFiles/cmTryCompileExec.dir/CMakeCXXCompilerABI.cpp.o -c /usr/share/cmake/Modules/CMakeCXXCompilerABI.cpp
Linking CXX executable cmTryCompileExec
/usr/bin/cmake -E cmake_link_script CMakeFiles/cmTryCompileExec.dir/link.txt --verbose=1
/opt/qnx650/host/linux/x86/usr/bin/QCC        -v CMakeFiles/cmTryCompileExec.dir/CMakeCXXCompilerABI.cpp.o  -o cmTryCompileExec   
cc: looking for gcc_ntox86 in /opt/qnx650/host/linux/x86/etc/qcc/gcc/4.4.2/gcc_ntox86++.conf
cc: looking for gcc_ntox86 in /opt/qnx650/host/linux/x86/etc/qcc/gcc/4.4.2/gcc_ntox86.conf
/opt/qnx650/host/linux/x86/usr/bin/ntox86-ld -b elf32-i386 -m i386nto --dynamic-linker /usr/lib/ldqnx.so.2 --sysroot=/opt/qnx650/target/qnx6/x86/ /opt/qnx650/target/qnx6/x86/lib/crt1.o /opt/qnx650/target/qnx6/x86/lib/crti.o /opt/qnx650/host/linux/x86/usr/lib/gcc/i486-pc-nto-qnx6.5.0/4.4.2/crtbegin.o CMakeFiles/cmTryCompileExec.dir/CMakeCXXCompilerABI.cpp.o -o cmTryCompileExec -rpath-link /opt/qnx650/target/qnx6/x86/lib:/opt/qnx650/target/qnx6/x86/usr/lib:/opt/qnx650/target/qnx6/x86/lib/gcc/4.4.2:/opt/qnx650/target/qnx6/x86/opt/lib -Y/opt/qnx650/target/qnx6/x86/lib:/opt/qnx650/target/qnx6/x86/usr/lib:/opt/qnx650/target/qnx6/x86/opt/lib -L/opt/qnx650/host/linux/x86/usr/lib/gcc/i486-pc-nto-qnx6.5.0/4.4.2/ -L/opt/qnx650/target/qnx6/x86/lib/gcc/4.4.2 -L/opt/qnx650/target/qnx6/usr/i486-pc-nto-qnx6.5.0/lib/ -L/opt/qnx650/target/qnx6/usr/lib -L/opt/qnx650/target/qnx6/x86/lib/ -L/opt/qnx650/target/qnx6/x86/lib -L/opt/qnx650/target/qnx6/x86/usr/lib -L/opt/qnx650/target/qnx6/x86/opt/lib -lcpp -lcxa /opt/qnx650/host/linux/x86/usr/lib/gcc/i486-pc-nto-qnx6.5.0/4.4.2//libgcc.a -lcxa -lc -dn -Bstatic -lc /opt/qnx650/host/linux/x86/usr/lib/gcc/i486-pc-nto-qnx6.5.0/4.4.2//libgcc.a /opt/qnx650/host/linux/x86/usr/lib/gcc/i486-pc-nto-qnx6.5.0/4.4.2/crtend.o /opt/qnx650/target/qnx6/x86/lib/crtn.o
gmake[1]: Leaving directory `/home/rtulwin/workspace/mrrocpp/CMakeFiles/CMakeTmp'
gmake[1]: warning:  Clock skew detected.  Your build may be incomplete.
gmake: warning:  Clock skew detected.  Your build may be incomplete.


Parsed CXX implicit link information from above output:
  link line regex: [^( *|.*[/\])(ntox86-ld|ld|collect2)[^/\]*( |$)]
  ignore line: [Change Dir: /home/rtulwin/workspace/mrrocpp/CMakeFiles/CMakeTmp]
  ignore line: []
  ignore line: [Run Build Command:/usr/bin/gmake "cmTryCompileExec/fast"]
  ignore line: [/usr/bin/gmake -f CMakeFiles/cmTryCompileExec.dir/build.make CMakeFiles/cmTryCompileExec.dir/build]
  ignore line: [gmake: Warning: File `Makefile' has modification time 2.1 s in the future]
  ignore line: [gmake[1]: Entering directory `/home/rtulwin/workspace/mrrocpp/CMakeFiles/CMakeTmp']
  ignore line: [gmake[1]: Warning: File `CMakeFiles/cmTryCompileExec.dir/flags.make' has modification time 2.1 s in the future]
  ignore line: [/usr/bin/cmake -E cmake_progress_report /home/rtulwin/workspace/mrrocpp/CMakeFiles/CMakeTmp/CMakeFiles 1]
  ignore line: [Building CXX object CMakeFiles/cmTryCompileExec.dir/CMakeCXXCompilerABI.cpp.o]
  ignore line: [/opt/qnx650/host/linux/x86/usr/bin/QCC  -x c++   -o CMakeFiles/cmTryCompileExec.dir/CMakeCXXCompilerABI.cpp.o -c /usr/share/cmake/Modules/CMakeCXXCompilerABI.cpp]
  ignore line: [Linking CXX executable cmTryCompileExec]
  ignore line: [/usr/bin/cmake -E cmake_link_script CMakeFiles/cmTryCompileExec.dir/link.txt --verbose=1]
  ignore line: [/opt/qnx650/host/linux/x86/usr/bin/QCC        -v CMakeFiles/cmTryCompileExec.dir/CMakeCXXCompilerABI.cpp.o  -o cmTryCompileExec   ]
  ignore line: [cc: looking for gcc_ntox86 in /opt/qnx650/host/linux/x86/etc/qcc/gcc/4.4.2/gcc_ntox86++.conf]
  ignore line: [cc: looking for gcc_ntox86 in /opt/qnx650/host/linux/x86/etc/qcc/gcc/4.4.2/gcc_ntox86.conf]
  link line: [/opt/qnx650/host/linux/x86/usr/bin/ntox86-ld -b elf32-i386 -m i386nto --dynamic-linker /usr/lib/ldqnx.so.2 --sysroot=/opt/qnx650/target/qnx6/x86/ /opt/qnx650/target/qnx6/x86/lib/crt1.o /opt/qnx650/target/qnx6/x86/lib/crti.o /opt/qnx650/host/linux/x86/usr/lib/gcc/i486-pc-nto-qnx6.5.0/4.4.2/crtbegin.o CMakeFiles/cmTryCompileExec.dir/CMakeCXXCompilerABI.cpp.o -o cmTryCompileExec -rpath-link /opt/qnx650/target/qnx6/x86/lib:/opt/qnx650/target/qnx6/x86/usr/lib:/opt/qnx650/target/qnx6/x86/lib/gcc/4.4.2:/opt/qnx650/target/qnx6/x86/opt/lib -Y/opt/qnx650/target/qnx6/x86/lib:/opt/qnx650/target/qnx6/x86/usr/lib:/opt/qnx650/target/qnx6/x86/opt/lib -L/opt/qnx650/host/linux/x86/usr/lib/gcc/i486-pc-nto-qnx6.5.0/4.4.2/ -L/opt/qnx650/target/qnx6/x86/lib/gcc/4.4.2 -L/opt/qnx650/target/qnx6/usr/i486-pc-nto-qnx6.5.0/lib/ -L/opt/qnx650/target/qnx6/usr/lib -L/opt/qnx650/target/qnx6/x86/lib/ -L/opt/qnx650/target/qnx6/x86/lib -L/opt/qnx650/target/qnx6/x86/usr/lib -L/opt/qnx650/target/qnx6/x86/opt/lib -lcpp -lcxa /opt/qnx650/host/linux/x86/usr/lib/gcc/i486-pc-nto-qnx6.5.0/4.4.2//libgcc.a -lcxa -lc -dn -Bstatic -lc /opt/qnx650/host/linux/x86/usr/lib/gcc/i486-pc-nto-qnx6.5.0/4.4.2//libgcc.a /opt/qnx650/host/linux/x86/usr/lib/gcc/i486-pc-nto-qnx6.5.0/4.4.2/crtend.o /opt/qnx650/target/qnx6/x86/lib/crtn.o]
    arg [/opt/qnx650/host/linux/x86/usr/bin/ntox86-ld] ==> ignore
    arg [-b] ==> ignore
    arg [elf32-i386] ==> ignore
    arg [-m] ==> ignore
    arg [i386nto] ==> ignore
    arg [--dynamic-linker] ==> ignore
    arg [/usr/lib/ldqnx.so.2] ==> ignore
    arg [--sysroot=/opt/qnx650/target/qnx6/x86/] ==> ignore
    arg [/opt/qnx650/target/qnx6/x86/lib/crt1.o] ==> ignore
    arg [/opt/qnx650/target/qnx6/x86/lib/crti.o] ==> ignore
    arg [/opt/qnx650/host/linux/x86/usr/lib/gcc/i486-pc-nto-qnx6.5.0/4.4.2/crtbegin.o] ==> ignore
    arg [CMakeFiles/cmTryCompileExec.dir/CMakeCXXCompilerABI.cpp.o] ==> ignore
    arg [-o] ==> ignore
    arg [cmTryCompileExec] ==> ignore
    arg [-rpath-link] ==> ignore
    arg [/opt/qnx650/target/qnx6/x86/lib:/opt/qnx650/target/qnx6/x86/usr/lib:/opt/qnx650/target/qnx6/x86/lib/gcc/4.4.2:/opt/qnx650/target/qnx6/x86/opt/lib] ==> ignore
    arg [-Y/opt/qnx650/target/qnx6/x86/lib:/opt/qnx650/target/qnx6/x86/usr/lib:/opt/qnx650/target/qnx6/x86/opt/lib] ==> dirs [/opt/qnx650/target/qnx6/x86/lib;/opt/qnx650/target/qnx6/x86/usr/lib;/opt/qnx650/target/qnx6/x86/opt/lib]
    arg [-L/opt/qnx650/host/linux/x86/usr/lib/gcc/i486-pc-nto-qnx6.5.0/4.4.2/] ==> dir [/opt/qnx650/host/linux/x86/usr/lib/gcc/i486-pc-nto-qnx6.5.0/4.4.2/]
    arg [-L/opt/qnx650/target/qnx6/x86/lib/gcc/4.4.2] ==> dir [/opt/qnx650/target/qnx6/x86/lib/gcc/4.4.2]
    arg [-L/opt/qnx650/target/qnx6/usr/i486-pc-nto-qnx6.5.0/lib/] ==> dir [/opt/qnx650/target/qnx6/usr/i486-pc-nto-qnx6.5.0/lib/]
    arg [-L/opt/qnx650/target/qnx6/usr/lib] ==> dir [/opt/qnx650/target/qnx6/usr/lib]
    arg [-L/opt/qnx650/target/qnx6/x86/lib/] ==> dir [/opt/qnx650/target/qnx6/x86/lib/]
    arg [-L/opt/qnx650/target/qnx6/x86/lib] ==> dir [/opt/qnx650/target/qnx6/x86/lib]
    arg [-L/opt/qnx650/target/qnx6/x86/usr/lib] ==> dir [/opt/qnx650/target/qnx6/x86/usr/lib]
    arg [-L/opt/qnx650/target/qnx6/x86/opt/lib] ==> dir [/opt/qnx650/target/qnx6/x86/opt/lib]
    arg [-lcpp] ==> lib [cpp]
    arg [-lcxa] ==> lib [cxa]
    arg [/opt/qnx650/host/linux/x86/usr/lib/gcc/i486-pc-nto-qnx6.5.0/4.4.2//libgcc.a] ==> lib [/opt/qnx650/host/linux/x86/usr/lib/gcc/i486-pc-nto-qnx6.5.0/4.4.2//libgcc.a]
    arg [-lcxa] ==> lib [cxa]
    arg [-lc] ==> lib [c]
    arg [-dn] ==> ignore
    arg [-Bstatic] ==> ignore
    arg [-lc] ==> lib [c]
    arg [/opt/qnx650/host/linux/x86/usr/lib/gcc/i486-pc-nto-qnx6.5.0/4.4.2//libgcc.a] ==> lib [/opt/qnx650/host/linux/x86/usr/lib/gcc/i486-pc-nto-qnx6.5.0/4.4.2//libgcc.a]
    arg [/opt/qnx650/host/linux/x86/usr/lib/gcc/i486-pc-nto-qnx6.5.0/4.4.2/crtend.o] ==> ignore
    arg [/opt/qnx650/target/qnx6/x86/lib/crtn.o] ==> ignore
  collapse dir [/opt/qnx650/target/qnx6/x86/lib] ==> [/opt/qnx650/target/qnx6/x86/lib]
  collapse dir [/opt/qnx650/target/qnx6/x86/usr/lib] ==> [/opt/qnx650/target/qnx6/x86/usr/lib]
  collapse dir [/opt/qnx650/target/qnx6/x86/opt/lib] ==> [/opt/qnx650/target/qnx6/x86/opt/lib]
  collapse dir [/opt/qnx650/host/linux/x86/usr/lib/gcc/i486-pc-nto-qnx6.5.0/4.4.2/] ==> [/opt/qnx650/host/linux/x86/usr/lib/gcc/i486-pc-nto-qnx6.5.0/4.4.2]
  collapse dir [/opt/qnx650/target/qnx6/x86/lib/gcc/4.4.2] ==> [/opt/qnx650/target/qnx6/x86/lib/gcc/4.4.2]
  collapse dir [/opt/qnx650/target/qnx6/usr/i486-pc-nto-qnx6.5.0/lib/] ==> [/opt/qnx650/target/qnx6/usr/i486-pc-nto-qnx6.5.0/lib]
  collapse dir [/opt/qnx650/target/qnx6/usr/lib] ==> [/opt/qnx650/target/qnx6/usr/lib]
  collapse dir [/opt/qnx650/target/qnx6/x86/lib/] ==> [/opt/qnx650/target/qnx6/x86/lib]
  collapse dir [/opt/qnx650/target/qnx6/x86/lib] ==> [/opt/qnx650/target/qnx6/x86/lib]
  collapse dir [/opt/qnx650/target/qnx6/x86/usr/lib] ==> [/opt/qnx650/target/qnx6/x86/usr/lib]
  collapse dir [/opt/qnx650/target/qnx6/x86/opt/lib] ==> [/opt/qnx650/target/qnx6/x86/opt/lib]
  implicit libs: [cpp;cxa;/opt/qnx650/host/linux/x86/usr/lib/gcc/i486-pc-nto-qnx6.5.0/4.4.2//libgcc.a;cxa;c;c;/opt/qnx650/host/linux/x86/usr/lib/gcc/i486-pc-nto-qnx6.5.0/4.4.2//libgcc.a]
  implicit dirs: [/opt/qnx650/target/qnx6/x86/lib;/opt/qnx650/target/qnx6/x86/usr/lib;/opt/qnx650/target/qnx6/x86/opt/lib;/opt/qnx650/host/linux/x86/usr/lib/gcc/i486-pc-nto-qnx6.5.0/4.4.2;/opt/qnx650/target/qnx6/x86/lib/gcc/4.4.2;/opt/qnx650/target/qnx6/usr/i486-pc-nto-qnx6.5.0/lib;/opt/qnx650/target/qnx6/usr/lib]


